242009822
929256283
895131964
908506010
331546665
551241227
297949726
245842721
041874657
079721382
039565263
135279077
187974887
838317465
005998421
202878738
767567536
848702554
083559433
818487367
135610306
072616265
767004967
115016452
383437259
255858463
889459007
627398670
980966426
234045283
101696787
395396597
388794051
854323014
804707891
363257419
755988873
876026610
865065043
579740696
069941639
603465570
418808855
900457024
472957325
807189304
706329448
590443470
642766330
450268655
215329431
229172536
782823550
559698248
707477153
303751876
579896751
884604118
425599148
879304439
038267826
669930493
236287431
203053060
965979661
965708765
371135724
117167382
367391601
912362833
626200057
862737556
703700284
109754450
779488412
987764202
829065171
566220914
207347867
750168005
177670298
627568427
396866564
071003105
472086874
121483342
065492375
759022862
931035850
274028049
708931530
029526211
296133282
474051808
336463378
055740564
162668803
082644689
029640777
937964957
657144925
389780682
456603725
118186473
347246435
222797913
773140270
390562288
551856242
703347519
975121943
332180531
015535646
247368564
814680444
154915515
520472771
073234601
954219129
098374952
866139986
695890064
397187598
599174294
522161886
874211048
881338829
581514891
785142596
595533695
069345398
468046933
016523170
300085428
282209462
138905385
866748311
071603026
286333953
760072212
840477172
318664442
113751949
908462261
821440995
059459390
548776699
754858072
882982766
053216245
255648691
944188544
531309783
450044990
848991193
878973707
409245349
473247097
705163656
266870743
157071292
588263733
130503715
387910624
389785145
357149679
014315636
747959906
147980480
533191110
024790204
178352629
796696092
194816268
388872995
496113177
020185027
181834839
239794652
307491569
285875041
935289280
897251054
509280184
365875657
141023769
440821509
494311266
507301239
296348481
938332855
861049117
627010443
654166328
477047182
059747696
607862021
873176581
016849753
602009157
668731616
062804109
343342479
100164164
316740780
828861084
017540531
971021156
971146231
630461924
984495770
415635154
495677993
569333856
763479702
456036567
321476186
359619207
879550884
775986773
324547262
531825672
185791160
931395542
313002980
346128166
554157170
342488789
105605200
415955182
827693951
350891200
014850537
360548797
070626145
108772111
173893385
568377240
280925251
171207049
002918401
781075780
954024183
009340326
422342620
633649206
051692202
757006440
467511018
325097854
583199630
829674363
899081647
541548330
108895390
213575044
182579166
142828105
971611136
876367836
173409841
120895226
055428745
277133582
336169037
271926041
342117098
744951699
341232574
291745271
119897991
104957905
300728430
993336296
993001904
883989009
547509413
339972136
882928803
486981479
444435566
066082907
881544900
004964976
535100256
209553501
122008000
801190287
638213331
255061876
604712102
601504946
406932168
650327624
378294554
631356750
854604762
104466066
673254004
229754245
216840401
407227850
574767229
372396154
782005804
128346329
471094371
192085639
142722864
258136773
695048204
465697090
319441574
357087663
659577175
778869689
319214377
001729279
600778405
462852465
240830907
066096231
219732622
836947519
537081454
703083912
547775580
327760817
219772275
646277471
996689922
169118457
550239723
294004151
758138708
800766988
055296565
091308762
583061174
614949716
024856535
990392015
734821048
231939050
424830639
406418474
440609393
646526236
443760140
495778998
813402426
437137949
752396045
437126851
581389673
842539154
555282552
682401449
189332637
063167570
888671736
627277577
857455122
228695333
884511750
582513965
763155701
413102052
602326103
394063171
978062592
014556805
747114199
856250431
390843429
254117553
249161891
566138770
515463624
483582499
919934769
086654992
089735089
164090508
035847487
209928497
332681510
092789449
979702396
368526479
128876342
377338557
638500284
602795690
252340140
242385530
289694303
076106728
763134248
864996919
272798539
791639628
327342079
365633176
424457620
037124569
135573619
852406539
043673337
841398994
851173986
302094933
812516324
530664559
110885752
940941098
032085463
678873716
026512303
754682898
843618719
970463553
317213307
518304414
337283064
692488389
151524267
568237015
695884554
076145172
830162053
010690927
706949232
926412232
892277102
383123961
414514264
531816141
568747541
229464507
094724746
933298132
078175683
209297527
198806490
641176225
905833992
231290399
127829802
261372651
193545606
446418920
577260050
267509280
735661706
105751836
511708380
602476517
789437714
585917320
362461894
212147112
058669616
665934928
596863312
264518206
593382745
703708296
788905129
017901343
564049583
047825377
231209448
758487537
384485185
958347125
416975560
804834533
748097843
490149556
076502430
745786533
223270101
157009852
200381186
382205778
347187616
911797507
276967645
368063973
465202551
270633794
233917380
655814050
551314282
351543147
306983890
831696939
166602842
564638247
